0 silly argv {
0 silly argv   _: [ 'bootstrap' ],
0 silly argv   lernaVersion: '5.6.2',
0 silly argv   '$0': '/Users/iusfil/WebstormProjects/hacker-news-redesign/node_modules/.bin/lerna'
0 silly argv }
1 notice cli v5.6.2
2 verbose rootPath /Users/iusfil/WebstormProjects/hacker-news-redesign
3 error JSONError: Unexpected token "}" (0x7D) in JSON at position 967 while parsing near "...    \"types\": \"*\",\n  },\n  \"nx\": {\n    \"ta..." in packages/sync-db-with-hn/package.json
3 error
3 error [0m [90m 33 |[39m     [32m"regenerator-runtime"[39m[33m:[39m [32m"^0.13.9"[39m[33m,[39m[0m
3 error [0m [90m 34 |[39m     [32m"types"[39m[33m:[39m [32m"*"[39m[33m,[39m[0m
3 error [0m[31m[1m>[22m[39m[90m 35 |[39m   }[33m,[39m[0m
3 error [0m [90m    |[39m   [31m[1m^[22m[39m[0m
3 error [0m [90m 36 |[39m   [32m"nx"[39m[33m:[39m {[0m
3 error [0m [90m 37 |[39m     [32m"targets"[39m[33m:[39m {[0m
3 error [0m [90m 38 |[39m       [32m"build"[39m[33m:[39m {[0m
3 error
3 error     at parseJson (/Users/iusfil/WebstormProjects/hacker-news-redesign/node_modules/parse-json/index.js:29:21)
3 error     at parse (/Users/iusfil/WebstormProjects/hacker-news-redesign/node_modules/load-json-file/index.js:15:9)
3 error     at module.exports (/Users/iusfil/WebstormProjects/hacker-news-redesign/node_modules/load-json-file/index.js:18:47)
